<?xml version="1.0" encoding="UTF-8"?>
<testng-results skipped="0" failed="0" ignored="0" total="0" passed="0">
  <reporter-output>
  </reporter-output>
  <suite name="TestNG.TestNGDemo" duration-ms="6" started-at="2019-09-28T11:54:16 IST" finished-at="2019-09-28T11:54:16 IST">
    <groups>
    </groups>
    <test name="Command line test" duration-ms="6" started-at="2019-09-28T11:54:16 IST" finished-at="2019-09-28T11:54:16 IST">
    </test> <!-- Command line test -->
  </suite> <!-- TestNG.TestNGDemo -->
</testng-results>
