<?xml version="1.0" encoding="UTF-8"?>
<testng-results skipped="0" failed="0" ignored="0" total="1" passed="1">
  <reporter-output>
  </reporter-output>
  <suite name="Default suite" duration-ms="160" started-at="2019-09-19T22:52:39 IST" finished-at="2019-09-19T22:52:39 IST">
    <groups>
    </groups>
    <test name="Default test" duration-ms="160" started-at="2019-09-19T22:52:39 IST" finished-at="2019-09-19T22:52:39 IST">
      <class name="TestNG.NewTestDemo">
        <test-method status="PASS" signature="f()[pri:0, instance:TestNG.NewTestDemo@71423665]" name="f" duration-ms="34" started-at="2019-09-19T22:52:39 IST" finished-at="2019-09-19T22:52:39 IST">
          <reporter-output>
          </reporter-output>
        </test-method> <!-- f -->
      </class> <!-- TestNG.NewTestDemo -->
    </test> <!-- Default test -->
  </suite> <!-- Default suite -->
</testng-results>
